<?xml version="1.0" encoding="UTF-8"?>
<!-- Generated by org.testng.reporters.JUnitReportReporter -->
<testsuite hostname="DESKTOP-8BOAPN5" name="SampleProject.TestPage" tests="1" failures="0" timestamp="2 Jun 2022 05:28:28 GMT" time="2.692" errors="0">
  <testcase name="initBrowser" time="2.692" classname="SampleProject.TestPage"/>
</testsuite> <!-- SampleProject.TestPage -->
