<?xml version="1.0" encoding="UTF-8"?>
<!-- Generated by org.testng.reporters.JUnitReportReporter -->
<testsuite hostname="DESKTOP-8BOAPN5" failures="0" tests="1" name="SampleProject.Hompage" time="24.576" errors="0" timestamp="30 May 2022 05:29:09 GMT">
  <testcase classname="SampleProject.Hompage" name="initBrowser" time="24.576"/>
</testsuite> <!-- SampleProject.Hompage -->
